"2018-07-19 13:36:35",fe80::1,/Batire/vue/Document/update.php?editDoc_id=1,hhhhhh
"2018-07-19 13:36:37",fe80::1,/Batire/vue/Document/update.php?editDoc_id=1,hhhhhh
"2018-07-19 13:36:40",fe80::1,/Batire/vue/Document/update.php?editDoc_id=1,hhhhhh
"2018-07-19 13:52:38",::1,/Batire/vue/Document/update.php?editDoc_id=1,"Update page "
"2018-07-19 13:52:40",::1,/Batire/vue/Document/update.php?editDoc_id=8,"Update page "
"2018-07-19 13:52:42",::1,/Batire/vue/Document/update.php?editDoc_id=1,"Update page "
"2018-07-19 13:52:42",::1,/Batire/vue/Document/update.php?editDoc_id=1,"Update page "
"2018-07-20 15:39:57",::1,/Batire/vue/Document/update.php?editDoc_id=30,"Update page "
"2018-07-20 15:40:04",::1,/Batire/vue/Document/update.php?editDoc_id=30,"Update page "
"2018-07-20 15:40:08",::1,/Batire/vue/Document/update.php?editDoc_id=30,"Update page "
"2018-07-20 15:41:09",::1,/Batire/vue/Document/update.php?editDoc_id=30,"Update page "
"2018-07-20 15:41:14",::1,/Batire/vue/Document/update.php?editDoc_id=30,"Update page "
"2018-07-20 15:50:20",::1,/Batire/vue/Document/update.php?editDoc_id=30,"Update page "
"2018-07-20 15:50:32",::1,/Batire/vue/Document/update.php?editDoc_id=30,"Update page "
"2018-07-20 15:50:35",::1,/Batire/vue/Document/update.php?editDoc_id=30,"Update page "
"2018-07-20 16:09:02",::1,/Batire/vue/Document/listDoc.php,"List Document by1"
"2018-07-20 16:09:09",::1,/Batire/vue/Document/update.php?editDoc_id=35,"Update Document by1"
"2018-07-20 16:09:14",::1,/Batire/vue/Document/update.php?editDoc_id=35,"Update Document by1"
"2018-07-20 16:09:14",::1,/Batire/vue/Document/update.php?editDoc_id=35,"Ajout avec success de dossie d id 2018-07-20T16:09:15+02:00"
"2018-07-20 16:09:14",::1,/Batire/vue/Document/update.php?editDoc_id=35,"Ajout avec success de dossie d id  dans l historique avec l employe d id "
"2018-07-20 16:09:22",::1,/Batire/vue/Document/listDoc.php,"List Document by1"
"2018-07-20 16:12:39",::1,/Batire/vue/Document/listDoc.php,"List Document by1"
"2018-07-20 16:12:41",::1,/Batire/vue/Document/listDoc.php,"List Document by1"
"2018-07-20 16:12:43",::1,/Batire/vue/Document/update.php?editDoc_id=18,"Update Document by1"
"2018-07-20 16:12:48",::1,/Batire/vue/Document/update.php?editDoc_id=18,"Update Document by1"
"2018-07-20 16:12:48",::1,/Batire/vue/Document/update.php?editDoc_id=18,"Modifier avec success de dossie a 2018-07-20T16:12:48+02:00"
"2018-07-20 16:12:48",::1,/Batire/vue/Document/update.php?editDoc_id=18,"Ajout avec success de dossie  dans l historique avec l employe d id 1"
"2018-07-20 16:12:51",::1,/Batire/vue/Document/listDoc.php,"List Document by1"
"2018-07-20 16:14:19",::1,/Batire/vue/Document/listDoc.php,"List Document by1"
"2018-07-20 16:14:32",::1,/Batire/vue/Document/listDoc.php,"List Document by1"
"2018-07-20 16:14:33",::1,/Batire/vue/Document/listDoc.php,"List Document by1"
"2018-07-20 16:14:33",::1,/Batire/vue/Document/listDoc.php,"List Document by1"
"2018-07-20 16:14:36",::1,/Batire/vue/Document/update.php?editDoc_id=18,"Update Document by EMP with id : 1"
"2018-07-20 16:18:00",::1,,/Batire/vue/Document/update.php?editDoc_id=18,"Update Document by EMP with id : 1"
"2018-07-20 16:18:02",::1,,/Batire/vue/Document/update.php?editDoc_id=18,"Update Document by EMP with id : 1"
"2018-07-20 16:18:02",::1,,/Batire/vue/Document/listDoc.php,"List Document by1"
"2018-07-20 16:18:03",::1,,/Batire/vue/Document/listDoc.php,"List Document by1"
"2018-07-20 16:18:05",::1,,/Batire/vue/Document/update.php?editDoc_id=18,"Update Document by EMP with id : 1"
"2018-07-20 16:19:08",,::1,/Batire/vue/Document/update.php?editDoc_id=18,"Update Document by EMP with id : 1"
"2018-07-20 16:20:18",::1,/Batire/vue/Document/update.php?editDoc_id=18,"Update Document by EMP with id : 1"
"2018-07-20 16:20:29",::1,/Batire/vue/Document/update.php?editDoc_id=18,"Update Document by EMP with id : 1"
"2018-07-20 16:20:34",::1,/Batire/vue/Document/update.php?editDoc_id=18,"Update Document by EMP with id : 1"
"2018-07-20 16:20:40",::1,/Batire/vue/Document/update.php?editDoc_id=18,"Update Document by EMP with id : 1"
"2018-07-20 16:20:51",::1,/Batire/vue/Document/update.php?editDoc_id=18,"Update Document by EMP with id : 1"
"2018-07-20 19:36:32",::1,/Batire/vue/Document/listDoc.php,"List Document by1"
"2018-07-20 19:36:34",::1,/Batire/vue/Document/update.php?editDoc_id=18,"Update Document by EMP with id : 1"
"2018-07-20 19:36:37",::1,/Batire/vue/Document/listDoc.php,"List Document by1"
"2018-07-20 19:36:38",::1,/Batire/vue/Document/update.php?editDoc_id=18,"Update Document by EMP with id : 1"
"2018-07-20 19:36:39",::1,/Batire/vue/Document/listDoc.php,"List Document by1"
"2018-07-20 19:36:40",::1,/Batire/vue/Document/update.php?editDoc_id=35,"Update Document by EMP with id : 1"
"2018-07-20 19:36:41",::1,/Batire/vue/Document/listDoc.php,"List Document by1"
"2018-07-20 19:36:43",::1,/Batire/vue/Document/addDoc.php,"Add Document by 1"
"2018-07-20 19:39:09",::1,/Batire/vue/Document/addDoc.php,"Add Document by 1"
"2018-07-20 19:39:14",::1,/Batire/vue/Document/addDoc.php,"Add Document by 1"
"2018-07-20 19:39:45",::1,/Batire/vue/Document/addDoc.php,"Add Document by 1"
"2018-07-20 19:40:05",::1,/Batire/vue/Document/addDoc.php,"Add Document by 1"
"2018-07-20 19:40:20",::1,/Batire/vue/Document/addDoc.php,"Add Document by 1"
"2018-07-20 19:40:50",::1,/Batire/vue/Document/addDoc.php,"Add Document by 1"
"2018-07-20 19:45:01",::1,/Batire/vue/Document/addDoc.php,"Add Document by 1"
"2018-07-20 19:45:07",::1,/Batire/vue/Document/addDoc.php,"Add Document by 1"
"2018-07-20 19:46:58",::1,/Batire/vue/Document/addDoc.php,"Add Document by 1"
"2018-07-20 19:47:10",::1,/Batire/vue/Document/addDoc.php,"Add Document by 1"
"2018-07-20 19:47:30",::1,/Batire/vue/Document/addDoc.php,"Add Document by 1"
"2018-07-20 19:55:55",::1,/Batire/vue/Document/addDoc.php,"Add Document by 1"
"2018-07-20 19:56:24",::1,/Batire/vue/Document/addDoc.php,"Add Document by 1"
"2018-07-20 19:57:49",::1,/Batire/vue/Document/addDoc.php,"Add Document by 1"
"2018-07-20 19:58:51",::1,/Batire/vue/Document/addDoc.php,"Add Document by 1"
"2018-07-20 20:00:00",::1,/Batire/vue/Document/addDoc.php,"Add Document by 1"
"2018-07-20 20:00:18",::1,/Batire/vue/Document/addDoc.php,"Add Document by 1"
"2018-07-20 20:01:41",::1,/Batire/vue/Document/addDoc.php,"Add Document by 1"
"2018-07-20 20:01:53",::1,/Batire/vue/Document/addDoc.php,"Add Document by 1"
"2018-07-20 20:02:23",::1,/Batire/vue/Document/addDoc.php,"Add Document by 1"
"2018-07-20 20:02:35",::1,/Batire/vue/Document/addDoc.php,"Add Document by 1"
"2018-07-20 20:03:44",::1,/Batire/vue/Document/addDoc.php,"Add Document by 1"
"2018-07-20 20:04:12",::1,/Batire/vue/Document/addDoc.php,"Add Document by 1"
"2018-07-20 20:11:29",::1,/Batire/vue/Document/addDoc.php,"Add Document by 1"
"2018-07-20 20:15:34",::1,/Batire/vue/Document/addDoc.php,"Add Document by 1"
"2018-07-20 20:17:47",::1,/Batire/vue/Document/addDoc.php,"Add Document by 1"
"2018-07-20 20:19:46",::1,/Batire/vue/Document/addDoc.php,"Add Document by 1"
"2018-07-20 20:22:10",::1,/Batire/vue/Document/addDoc.php,"Add Document by 1"
"2018-07-20 20:22:58",::1,/Batire/vue/Document/addDoc.php,"Add Document by 1"
